#============================================================================== 
#   Project   :  Hi3716MV410 
#============================================================================== 
#memory 0x00000000 0xd7ffffff rw nocache verify
#memory 0xf8000000 0xffffffff rw nocache noverify

#------ Clock Select XTAL ---------
mww 0xf8000000 0x000
mww 0xf8a22048 0x304
mww 0xf8a22048 0x704
mww 0xf8a22058 0x000

#------ Config PLL ----------------
mww 0xf8a22004 0x00101051
mww 0xf8a22000 0x21EB851F
mww 0xf8a22004 0x00001051
mww 0xf8a2200c 0x02101064
mww 0xf8a22008 0x21000000
mww 0xf8a2200c 0x02001064
mww 0xf8a22014 0x02101032
mww 0xf8a22010 0x31000000
mww 0xf8a22014 0x02001032

mww 0xf8a22024 0x02101048
mww 0xf8a22020 0x42000000
mww 0xf8a22024 0x02001048
mww 0xf8a22034 0x0210207D
mww 0xf8a22030 0x11000000
mww 0xf8a22034 0x0200207D
mww 0xf8a2202c 0x02102063
mww 0xf8a22028 0x21000000
mww 0xf8a2202c 0x02002063
#pause 0.1s
sleep 100

#------ Clock Select PLL ----------
mww 0xf8a22058 0x505
mww 0xf8a22048 0x303
mww 0xf8a22048 0x703
mww 0xf8a22128 0x300
mww 0xf8a22128 0x700
mww 0xf8000000 0x001

#------ Config MDDRC --------------
mww 0xf8a31008 0x0
mww 0xf8a31024 0x8
mww 0xf8a3102c 0x0
mww 0xf8a31040 0x11002001
mww 0xf8a31050 0x01000016
mww 0xf8a31060 0x142
mww 0xf8a31070 0x61d70
mww 0xf8a31074 0x18
mww 0xf8a31080 0x2329940e
mww 0xf8a31084 0x4038b078
mww 0xf8a31088 0x43010000
mww 0xf8a3108c 0xffd00733
mww 0xf8a31090 0x650a10
mww 0xf8a31094 0x2006
mww 0xf8a310c0 0x1
mww 0xf8a310c4 0xc
mww 0xf8a31200 0x0
mww 0xf8a31020 0x8101

#---- DDRPHY PLL Power-Down/Up ----
mww 0xf8a38018 0x7
#pause 0.1s
sleep 100
mww 0xf8a38018 0x0
#pause 0.1s
sleep 100

#------ Config DDRPHY -------------
mww 0xf8a3801c 0x80000080
mww 0xf8a38010 0x00020020
mww 0xf8a38014 0xc800
mww 0xf8a38020 0x441
mww 0xf8a38080 0x0
mww 0xf8a38044 0x1
mww 0xf8a380d0 0xb036f026
mww 0xf8a3802c 0x22
mww 0xf8a38180 0xffff0770
mww 0xf8a38030 0xA19CC666
mww 0xf8a38034 0x0CF040C0
mww 0xf8a38038 0x20041800
mww 0xf8a3803c 0xC8000100
mww 0xf8a38040 0x6520
mww 0xf8a38064 0x61d70
mww 0xf8a38068 0x18
mww 0xf8a38088 0x4bddf841
mww 0xf8a380b4 0x1
mww 0xf8a38070 0xfa00487
mww 0xf8a3808c 0xFF0055AA
mww 0xf8a38270 0xff003f00
mww 0xf8a382f0 0xff00ff80

#---- DDRPHY PLL Init -------------
mww 0xf8a38098 0x3
mww 0xf8a3809c 0x3
mww 0xf8a38090 0x00780000
mww 0xf8a38240 0x78
#pause 0.1s
sleep 100
mww 0xf8a38090 0x00700000
mww 0xf8a38240 0x70
#pause 0.1s
sleep 100

#------ DDRPHY AC Skew ------------
mww 0xf8a38168 0x0
mww 0xf8a3818c 0x0000D80
mww 0xf8a3824c 0x0

#------ DDRPHY Gate & GDS ---------
mww 0xf8a3823c 0x0
mww 0xf8a382bc 0x0
mww 0xf8a38248 0x2
mww 0xf8a382c8 0x2

#------ DDRPHY AC CMD & ADDR ---------
mww 0xf8a38120 0x6
mww 0xf8a38128 0x18
mww 0xf8a38130 0x130013
mww 0xf8a38138 0x150015
mww 0xf8a3813c 0xb000e
mww 0xf8a38140 0x140014
mww 0xf8a38144 0x9000e
mww 0xf8a38148 0xb0015
mww 0xf8a3814c 0xb0014
mww 0xf8a38150 0xe0013
mww 0xf8a38154 0x120016
mww 0xf8a38158 0xd0013
mww 0xf8a3815c 0x13
mww 0xf8a38160 0x150009
mww 0xf8a38164 0xd

#------ DDRPHY Write De-Skew ------
mww 0xf8a38210 0x0f0f0f0f
mww 0xf8a38214 0x0f0f0f0f
mww 0xf8a38218 0x0f
mww 0xf8a38290 0x0f0f0f0f
mww 0xf8a38294 0x0f0f0f0f
mww 0xf8a38298 0x0f
mww 0xf8a38230 0x700
mww 0xf8a382b0 0x700
mww 0xf8a38258 0x0
mww 0xf8a382d8 0x0
mww 0xf8a38234 0xf00
mww 0xf8a382b4 0xf00

#------ DDRPHY Read De-Skew -------
mww 0xf8a3821c 0x0f0f0f0f
mww 0xf8a38220 0x0f0f0f0f
mww 0xf8a38224 0x0
mww 0xf8a3829c 0x0f0f0f0f
mww 0xf8a382a0 0x0f0f0f0f
mww 0xf8a382a4 0x0
mww 0xf8a3822c 0x20
mww 0xf8a382ac 0x20

#------ DDRPHY Clock Enable -------
mww 0xf8a38004 0xa000
mww 0xf8a38004 0x0000
mww 0xf8a3800c 0x80000f0f

#------ DDR Init ------------------
mww 0xf8a31000 0x2
mww 0xf8a38004 0x1429
mww 0xf8a31088 0x430100c3

#------ Config DDRT ---------------
mww 0xf8a50008 0x4f
mww 0xf8a5000c 0x152
mww 0xf8a50014 0xffffffff
mww 0xf8a5001c 0x0
mww 0xf8a50030 0x84218421
mww 0xf8a50020 0x0
mww 0xf8a50010 0xffff
mww 0xf8a50018 0xf
mww 0xf8a50000 0x11
