#==============================================================================                              
#   Project   :  Hi3716MV410                              
#   DDR3 type :                               
#   DDR3 Width: 16bit                                 
#   Work Freq :                              
#==============================================================================                                 

# syspll
mww 0xf8a22014 0x00101053
mww 0xf8a22010 0x61000000
sleep 1        
mww 0xf8a22014 0x00001053
mww 0xf8a22128 0x300
mww 0xf8a22128 0x700 
sleep 1        
# ddrc         
mww 0xf8a31024 0x8
mww 0xf8a3102c 0x0
mww 0xf8a31040 0x11002001
mww 0xf8a31050 0x16
mww 0xf8a31060 0x142
mww 0xf8a31070 0x2b160
mww 0xf8a31074 0x10
mww 0xf8a31080 0x2329510c
mww 0xf8a31084 0x4037a064
mww 0xf8a31088 0x4300f000
mww 0xf8a3108c 0xffd00623
mww 0xf8a31090 0x65090e
mww 0xf8a31094 0x2005
mww 0xf8a310c0 0x1
mww 0xf8a310c4 0xc
mww 0xf8a31200 0x0000
mww 0xf8a31020 0x8101


#ddr phy
mww 0xf8a38018 0x7
sleep 1
mww 0xf8a38018 0x0
sleep 1
mww 0xf8a3801c 0x80000080
mww 0xf8a38010 0x20020
mww 0xf8a38014 0xc800
mww 0xf8a38020 0x441
mww 0xf8a38080 0x0
mww 0xf8a38044 0x1
mww 0xf8a380d0 0xb036f026
mww 0xf8a3802c 0x2
mww 0xf8a38180 0x00000000
mww 0xf8a38030 0x8998A566
mww 0xf8a38034 0x0CC83CC0
mww 0xf8a38038 0x20021000
mww 0xf8a3803c 0xa7000100
mww 0xf8a38040 0x551c
mww 0xf8a38064 0x2b160
mww 0xf8a38068 0x10
mww 0xf8a38088 0x3cdf841
mww 0xf8a380b4 0x1
mww 0xf8a38070 0x406
mww 0xf8a3808c 0xff00ff00
mww 0xf8a38270 0xff003f00
mww 0xf8a382f0 0xff00ff80
mww 0xf8a38168 0x0
mww 0xf8a3818c 0x0000D80
mww 0xf8a3824c 0x0
mww 0xf8a3823c 0x0
mww 0xf8a382bc 0x0
mww 0xf8a38248 0x2
mww 0xf8a382c8 0x2
mww 0xf8a38098 0x3
mww 0xf8a3809c 0x3
mww 0xf8a38090 0x00780000
mww 0xf8a38090 0x00700000
mww 0xf8a38240 0x78
mww 0xf8a38240 0x70
mww 0xf8a38120 0x2
mww 0xf8a38128 0x2
mww 0xf8a38130 0x170017
mww 0xf8a38138 0x2000b
mww 0xf8a3813c 0x7000b
mww 0xf8a38140 0x13000a
mww 0xf8a38144 0x50009
mww 0xf8a38148 0x50014
mww 0xf8a3814c 0x6000f
mww 0xf8a38150 0xa000f
mww 0xf8a38154 0xf0016
mww 0xf8a38158 0xa0013
mww 0xf8a3815c 0xf
mww 0xf8a38160 0x130004
mww 0xf8a38164 0xc
mww 0x18a38210 0x01010101
mww 0x18a38214 0x01010101
mww 0x18a38218 0x01
mww 0x18a38290 0x01010101
mww 0x18a38294 0x01010101
mww 0x18a38298 0x01
mww 0xf8a3800c 0x80000f0f
sleep 1

mww 0xf8000058 0x1
mww 0xf8a31000 0x2
mww 0xf8a38004 0x17FD
sleep 1
mww 0xf8a38180 0xffff0700
mww 0xf8a31088 0x4300f0a0
mww 0xf8a38004 0x8000
mww 0xf8a38004 0x0
