#==============================================================================                              
#   Project   :                                
#   DDR3 type :                               
#   DDR3 Width:                                  
#   Work Freq :                              
#==============================================================================                                 
#pwm syspll
mww 0x101f5014 0x001020A6
mww 0x101f5010 0x11000000
sleep 100
mww 0x101f5014 0x000020A6
sleep 100
mww 0x101f5128 0x302
mww 0x101f5128 0x702

#ddrc
mww 0x10101024 0x8
mww 0x1010102c 0x0
mww 0x10101040 0x11002001
mww 0x10101050 0x16
mww 0x10101060 0x142
mww 0x10101070 0x61f70
mww 0x10101074 0x18
mww 0x10101080 0x43319410
mww 0x10101084 0x3f38b06C
mww 0x10101088 0x43012000
mww 0x1010108c 0xffd1f784
mww 0x10101090 0x820f18
mww 0x10101094 0x2707
mww 0x101010c0 0x1
mww 0x101010c4 0xc
mww 0x10101200 0x0000
mww 0x10101020 0x8101



#ddr phy
mww 0x10108018 0x7
sleep 100
mww 0x10108018 0x0
sleep 100
mww 0x1010801c 0x80000080
mww 0x10108010 0x20020
mww 0x10108014 0xc800
mww 0x10108020 0x441
mww 0x10108080 0x0
mww 0x10108044 0x1
mww 0x101080d0 0xb036f026
mww 0x1010802c 0x2
mww 0x10108180 0x00000000
mww 0x10108030 0xa1a0cc68
mww 0x10108034 0x0d004908
mww 0x10108038 0x24084110
mww 0x1010803c 0xe8100240
mww 0x10108040 0x6430
mww 0x10108064 0x61f70
mww 0x10108068 0x18
mww 0x10108088 0x4bddf841
mww 0x101080b4 0x1
mww 0x10108070 0x487
mww 0x1010808c 0xff00ff00
mww 0x10108270 0xff003f00
mww 0x101082f0 0xff00ff80
mww 0x10108168 0x0
mww 0x1010818c 0x3000000
mww 0x1010824c 0x0
mww 0x1010823c 0x0
mww 0x101082bc 0x0
mww 0x10108248 0x2
mww 0x101082c8 0x2
mww 0x10108098 0x3
mww 0x1010809c 0x3
mww 0x10108090 0x00780000
mww 0x10108090 0x00700000
mww 0x10108240 0x78
mww 0x10108240 0x70
mww 0x10108120 0x0
mww 0x10108128 0x2
mww 0x10108130 0x150015
mww 0x10108138 0x4000f
mww 0x1010813c 0x8000d
mww 0x10108140 0x11000c
mww 0x10108144 0x60008
mww 0x10108148 0x80013
mww 0x1010814c 0x80013
mww 0x10108150 0xe0012
mww 0x10108154 0x120015
mww 0x10108158 0xc0015
mww 0x1010815c 0x12
mww 0x10108160 0x150008
mww 0x10108164 0xe
mww 0x10108210 0x01010101
mww 0x10108214 0x01010101
mww 0x10108218 0x01
mww 0x10108290 0x01010101
mww 0x10108294 0x01010101
mww 0x10108298 0x01

mww 0x10108004 0xa000
mww 0x10108004 0x0000
mww 0x1010800c 0x80000f0f
sleep 100


mww 0x101e0058 0x1
mww 0x10101000 0x2
sleep 100
mww 0x10108004 0x17FD
sleep 100
mww 0x10108004 0x0
mww 0x10108180 0xffff0700
mww 0x10101088 0x4301209E
mww 0x10108004 0x1
mww 0x10108004 0x0
